14'3 'false14'3 'false14'3 'falseNULL4'3 'false14'3 'false1014'dbread:'false14'dbread:'false1414NULL141414141414141414141414141414141414141414141414'1.'array (
  'firstname' => 'Patrick',
  'lastname' => 'Söllner',
  'email' => 'patricksoellner.rshoes95@web.de',
  'textinput' => 'hanspeterstinkthartnachmaggi',
  'date' => '08/05/2014, 15:25:48',
)'2.'array (
)141414141414141414141414141414141414141414141414141414141414141414141414141414141414141414141414141414141414141414141414141414141414141414141414141414141414141414141414141414141414141414141414141414141414141414141414141414141414141414141414141414141414141414141414141414141414141414141414141414141414141414141414141414141414141414'1.'array (
  'firstname' => 'Patrick',
  'lastname' => 'Söllner',
  'email' => 'patricksoellner.rshoes95@web.de',
  'textinput' => '',
  'date' => '08/05/2014, 16:57:46',
)'2.'array (
  0 => 'textinput',
)14'1.'array (
  'firstname' => 'Patrick',
  'lastname' => 'Söl###lner',
  'email' => 'patricksoellner.rshoes95@web.de',
  'textinput' => '',
  'date' => '08/05/2014, 16:58:05',
)'2.'array (
  0 => 'textinput',
)14'1.'array (
  'firstname' => 'Patrick',
  'lastname' => 'Söl# #lner',
  'email' => 'patricksoellner.rshoes95@web.de',
  'textinput' => '',
  'date' => '08/05/2014, 16:59:03',
)'2.'array (
  0 => 'textinput',
)14'1.'array (
  'firstname' => 'Patrick',
  'lastname' => 'Söl# #lner',
  'email' => false,
  'textinput' => '',
  'date' => '08/05/2014, 16:59:11',
)'2.'array (
  0 => 'email',
  1 => 'textinput',
)14'1.'array (
  'firstname' => 'Patrick',
  'lastname' => 'Söl# #lner',
  'email' => 'patricksoe#llner.rshoes95@web.de',
  'textinput' => 'ad',
  'date' => '08/05/2014, 16:59:23',
)'2.'array (
)14141414141414141414141414141414141414141414141414141414141414141414141414'1.'array (
  'firstname' => 'Patrick',
  'lastname' => 'Söllner',
  'email' => 'patricksoellner.rshoes95@web.de',
  'textinput' => 'adasd',
  'date' => '08/06/2014, 09:56:54',
)'2.'array (
)14'1.'array (
  'firstname' => 'Patrick',
  'lastname' => 'Söllner',
  'email' => 'patricksoellner.rshoes95@web.de',
  'textinput' => 'adasd',
  'date' => '08/06/2014, 09:56:59',
)'2.'array (
)15'1.'array (
  'firstname' => 'Patrick',
  'lastname' => 'Söllner',
  'email' => 'patricksoellner.rshoes95@web.de',
  'textinput' => 'adasd',
  'date' => '08/06/2014, 09:57:02',
)'2.'array (
)15'1.'array (
  'firstname' => 'Patrick',
  'lastname' => 'Söllner',
  'email' => 'patricksoellner.rshoes95@web.de',
  'textinput' => 'adasd',
  'date' => '08/06/2014, 09:57:05',
)'2.'array (
)15'1.'array (
  'firstname' => 'Patrick',
  'lastname' => 'Söllner',
  'email' => 'patricksoellner.rshoes95@web.de',
  'textinput' => 'adasd',
  'date' => '08/06/2014, 09:57:12',
)'2.'array (
)1515151515151515151515